#
# There is insufficient memory for the Java Runtime Environment to continue.
# Native memory allocation (mmap) failed to map 264241152 bytes. Error detail: G1 virtual space
# Possible reasons:
#   The system is out of physical RAM or swap space
#   This process is running with CompressedOops enabled, and the Java Heap may be blocking the growth of the native heap
# Possible solutions:
#   Reduce memory load on the system
#   Increase physical memory or swap space
#   Check if swap backing store is full
#   Decrease Java heap size (-Xmx/-Xms)
#   Decrease number of Java threads
#   Decrease Java thread stack sizes (-Xss)
#   Set larger code cache with -XX:ReservedCodeCacheSize=
#   JVM is running with Zero Based Compressed Oops mode in which the Java heap is
#     placed in the first 32GB address space. The Java Heap base address is the
#     maximum limit for the native heap growth. Please use -XX:HeapBaseMinAddress
#     to set the Java Heap base and to place the Java Heap above 32GB virtual address.
# This output file may be truncated or incomplete.
#
#  Out of Memory Error (os_windows.cpp:3554), pid=9708, tid=1932
#
# JRE version:  (25.0.1+8) (build )
# Java VM: OpenJDK 64-Bit Server VM (25.0.1+8-LTS, mixed mode, sharing, tiered, compressed oops, compressed class ptrs, g1 gc, windows-amd64)
# No core dump will be written. Minidumps are not enabled by default on client versions of Windows
#

---------------  S U M M A R Y ------------

Command Line: -Dclassworlds.conf=C:\Users\Tanjan Karki\.m2\wrapper\dists\apache-maven-3.9.11\03d7e36a140982eea48e22c1dcac01d8862b2550b2939e09a0809bbc5182a5bc\bin\m2.conf -Dmaven.home=C:\Users\Tanjan Karki\.m2\wrapper\dists\apache-maven-3.9.11\03d7e36a140982eea48e22c1dcac01d8862b2550b2939e09a0809bbc5182a5bc -Dlibrary.jansi.path=C:\Users\Tanjan Karki\.m2\wrapper\dists\apache-maven-3.9.11\03d7e36a140982eea48e22c1dcac01d8862b2550b2939e09a0809bbc5182a5bc\lib\jansi-native -Dmaven.multiModuleProjectDirectory=C:\Users\Tanjan Karki\OneDrive\Documents\NetBeansProjects\teacher-ev-system2 org.codehaus.plexus.classworlds.launcher.Launcher -Dmaven.ext.class.path=C:\Program Files\Apache NetBeans\java\maven-nblib\netbeans-eventspy.jar --no-transfer-progress clean install

Host: 12th Gen Intel(R) Core(TM) i5-12450H, 12 cores, 15G,  Windows 11 , 64 bit Build 26100 (10.0.26100.7623)
Time: Sun Jan 25 18:24:00 2026 Nepal Standard Time elapsed time: 2.023915 seconds (0d 0h 0m 2s)

---------------  T H R E A D  ---------------

Current thread (0x000002333734ab80):  JavaThread "Unknown thread" [_thread_in_vm, id=1932, stack(0x000000757e000000,0x000000757e100000) (1024K)]

Stack: [0x000000757e000000,0x000000757e100000]
Native frames: (J=compiled Java code, j=interpreted, Vv=VM code, C=native code)
V  [jvm.dll+0x7a8379]  (no source info available)
V  [jvm.dll+0x7729fd]  (no source info available)
V  [jvm.dll+0x9f57b3]  (no source info available)
V  [jvm.dll+0x9f7da1]  (no source info available)
V  [jvm.dll+0x9f84a3]  (no source info available)
V  [jvm.dll+0x2fcd26]  (no source info available)
V  [jvm.dll+0x7a45a5]  (no source info available)
V  [jvm.dll+0x797a07]  (no source info available)
V  [jvm.dll+0x3f4cb8]  (no source info available)
V  [jvm.dll+0x3fcbf6]  (no source info available)
V  [jvm.dll+0x3e938e]  (no source info available)
V  [jvm.dll+0x3e9648]  (no source info available)
V  [jvm.dll+0x3c0b15]  (no source info available)
V  [jvm.dll+0x3c179e]  (no source info available)
V  [jvm.dll+0x9bbc74]  (no source info available)
V  [jvm.dll+0x459892]  (no source info available)
V  [jvm.dll+0x99faa2]  (no source info available)
V  [jvm.dll+0x4fa061]  (no source info available)
V  [jvm.dll+0x4fb951]  (no source info available)
C  [jli.dll+0x53fa]  (no source info available)
C  [ucrtbase.dll+0x37b0]  (no source info available)
C  [KERNEL32.DLL+0x2e8d7]  (no source info available)
C  [ntdll.dll+0x8c53c]  (no source info available)

Lock stack of current Java thread (top to bottom):


---------------  P R O C E S S  ---------------

Threads class SMR info:
_java_thread_list=0x00007ff8abcfdf88, length=0, elements={
}

Java Threads: ( => current thread )
Total: 0

Other Threads:
  0x00000233396ea090 WorkerThread "GC Thread#0"                     [id=5388, stack(0x000000757e100000,0x000000757e200000) (1024K)]
  0x0000023339702aa0 ConcurrentGCThread "G1 Main Marker"            [id=10844, stack(0x000000757e200000,0x000000757e300000) (1024K)]
  0x0000023339703640 WorkerThread "G1 Conc#0"                       [id=17212, stack(0x000000757e300000,0x000000757e400000) (1024K)]

[error occurred during error reporting (printing all threads), id 0xc0000005, EXCEPTION_ACCESS_VIOLATION (0xc0000005) at pc=0x00007ff8ab32538a]
VM state: not at safepoint (not fully initialized)

VM Mutex/Monitor currently owned by a thread:  ([mutex/lock_event])
[0x00007ff8abd864e8] Heap_lock - owner thread: 0x000002333734ab80

Heap address: 0x0000000704800000, size: 4024 MB, Compressed Oops mode: Zero based, Oop shift amount: 3

CDS archive(s) mapped at: [0x0000000000000000-0x0000000000000000-0x0000000000000000), size 0, SharedBaseAddress: 0x0000000800000000, ArchiveRelocationMode: 1.
UseCompressedClassPointers 1, UseCompactObjectHeaders 0
Narrow klass pointer bits 32, Max shift 3
Narrow klass base: 0xffffffffffffffff, Narrow klass shift: -1
Encoding Range: [0xffffffffffffffff - 0x000000007fffffff), (2147483648 bytes)
Klass Range:    [0x0000000000000000 - 0x0000000000000000), (0 bytes)
Klass ID Range:  [4294967295 - 0) (1)
No protection zone.

GC Precious Log:
 CardTable entry size: 512
 Card Set container configuration: InlinePtr #cards 4 size 8 Array Of Cards #cards 16 size 48 Howl #buckets 8 coarsen threshold 3686 Howl Bitmap #cards 512 size 80 coarsen threshold 460 Card regions per heap region 1 cards per card region 4096

Heap:
 garbage-first heap   total reserved 4120576K, committed 0K, used 0K [0x0000000704800000, 0x0000000800000000)
  region size 2048K, 0 young (0K), 0 survivors (0K)

Heap Regions: E=young(eden), S=young(survivor), O=old, HS=humongous(starts), HC=humongous(continues), CS=collection set, F=free, TAMS=top-at-mark-start, PB=parsable bottom

Card table byte_map: [0x0000023351eb0000,0x0000023352690000] _byte_map_base: 0x000002334e68c000

Marking Bits: (CMBitMap*) 0x00000233396ea820
 Bits: [0x0000023352690000, 0x0000023356570000)

GC Heap Usage History (0 events):
No events

Metaspace Usage History (0 events):
No events

Dll operation events (1 events):
Event: 0.007 Loaded shared library C:\Program Files\Apache NetBeans\jdk\bin\java.dll

Deoptimization events (0 events):
No events

Classes loaded (0 events):
No events

Classes unloaded (0 events):
No events

Classes redefined (0 events):
No events

Internal exceptions (0 events):
No events

VM Operations (0 events):
No events

Memory protections (0 events):
No events

Nmethod flushes (0 events):
No events

Events (0 events):
No events


Dynamic libraries:
0x00007ff7114b0000 - 0x00007ff7114be000 	C:\Program Files\Apache NetBeans\jdk\bin\java.exe
0x00007ff9600e0000 - 0x00007ff960347000 	C:\WINDOWS\SYSTEM32\ntdll.dll
0x00007ff95f3e0000 - 0x00007ff95f4a9000 	C:\WINDOWS\System32\KERNEL32.DLL
0x00007ff95d590000 - 0x00007ff95d97f000 	C:\WINDOWS\System32\KERNELBASE.dll
0x00007ff95dca0000 - 0x00007ff95ddeb000 	C:\WINDOWS\System32\ucrtbase.dll
0x00007ff959a20000 - 0x00007ff959a3e000 	C:\Program Files\Apache NetBeans\jdk\bin\VCRUNTIME140.dll
0x00007ff93d790000 - 0x00007ff93d7a6000 	C:\Program Files\Apache NetBeans\jdk\bin\jli.dll
0x00007ff95dec0000 - 0x00007ff95e085000 	C:\WINDOWS\System32\USER32.dll
0x00007ff95d990000 - 0x00007ff95d9b7000 	C:\WINDOWS\System32\win32u.dll
0x00007ff941820000 - 0x00007ff941ab3000 	C:\WINDOWS\WinSxS\amd64_microsoft.windows.common-controls_6595b64144ccf1df_6.0.26100.7309_none_3e05feeae336a044\COMCTL32.dll
0x00007ff960070000 - 0x00007ff96009b000 	C:\WINDOWS\System32\GDI32.dll
0x00007ff95f330000 - 0x00007ff95f3d9000 	C:\WINDOWS\System32\msvcrt.dll
0x00007ff95d230000 - 0x00007ff95d35c000 	C:\WINDOWS\System32\gdi32full.dll
0x00007ff95d360000 - 0x00007ff95d403000 	C:\WINDOWS\System32\msvcp_win.dll
0x00007ff95fa00000 - 0x00007ff95fa31000 	C:\WINDOWS\System32\IMM32.DLL
0x00007ff959a10000 - 0x00007ff959a1c000 	C:\Program Files\Apache NetBeans\jdk\bin\vcruntime140_1.dll
0x00007ff91e040000 - 0x00007ff91e0cd000 	C:\Program Files\Apache NetBeans\jdk\bin\msvcp140.dll
0x00007ff8aaf50000 - 0x00007ff8abe76000 	C:\Program Files\Apache NetBeans\jdk\bin\server\jvm.dll
0x00007ff95f040000 - 0x00007ff95f0f4000 	C:\WINDOWS\System32\ADVAPI32.dll
0x00007ff95fa40000 - 0x00007ff95fae6000 	C:\WINDOWS\System32\sechost.dll
0x00007ff95f200000 - 0x00007ff95f318000 	C:\WINDOWS\System32\RPCRT4.dll
0x00007ff95fff0000 - 0x00007ff960064000 	C:\WINDOWS\System32\WS2_32.dll
0x00007ff947270000 - 0x00007ff9472a5000 	C:\WINDOWS\SYSTEM32\WINMM.dll
0x00007ff95d090000 - 0x00007ff95d0ee000 	C:\WINDOWS\SYSTEM32\POWRPROF.dll
0x00007ff94f5d0000 - 0x00007ff94f5db000 	C:\WINDOWS\SYSTEM32\VERSION.dll
0x00007ff95d070000 - 0x00007ff95d084000 	C:\WINDOWS\SYSTEM32\UMPDC.dll
0x00007ff95bfe0000 - 0x00007ff95bffb000 	C:\WINDOWS\SYSTEM32\kernel.appcore.dll
0x00007ff94b100000 - 0x00007ff94b10a000 	C:\Program Files\Apache NetBeans\jdk\bin\jimage.dll
0x00007ff95a850000 - 0x00007ff95aa92000 	C:\WINDOWS\SYSTEM32\DBGHELP.DLL
0x00007ff95e090000 - 0x00007ff95e416000 	C:\WINDOWS\System32\combase.dll
0x00007ff95f6a0000 - 0x00007ff95f776000 	C:\WINDOWS\System32\OLEAUT32.dll
0x00007ff92c470000 - 0x00007ff92c4ac000 	C:\WINDOWS\SYSTEM32\dbgcore.DLL
0x00007ff95da80000 - 0x00007ff95db25000 	C:\WINDOWS\System32\bcryptPrimitives.dll
0x00007ff940a60000 - 0x00007ff940a7e000 	C:\Program Files\Apache NetBeans\jdk\bin\java.dll
0x00007ff95ee50000 - 0x00007ff95efe7000 	C:\WINDOWS\System32\ole32.dll
0x00007ff95e570000 - 0x00007ff95ecc3000 	C:\WINDOWS\System32\SHELL32.dll
0x00007ff95db30000 - 0x00007ff95dc9a000 	C:\WINDOWS\System32\wintypes.dll

JVMTI agents: none

dbghelp: loaded successfully - version: 4.0.5 - missing functions: none
symbol engine: initialized successfully - sym options: 0x614 - pdb path: .;C:\Program Files\Apache NetBeans\jdk\bin;C:\WINDOWS\SYSTEM32;C:\WINDOWS\WinSxS\amd64_microsoft.windows.common-controls_6595b64144ccf1df_6.0.26100.7309_none_3e05feeae336a044;C:\Program Files\Apache NetBeans\jdk\bin\server

VM Arguments:
jvm_args: -Dclassworlds.conf=C:\Users\Tanjan Karki\.m2\wrapper\dists\apache-maven-3.9.11\03d7e36a140982eea48e22c1dcac01d8862b2550b2939e09a0809bbc5182a5bc\bin\m2.conf -Dmaven.home=C:\Users\Tanjan Karki\.m2\wrapper\dists\apache-maven-3.9.11\03d7e36a140982eea48e22c1dcac01d8862b2550b2939e09a0809bbc5182a5bc -Dlibrary.jansi.path=C:\Users\Tanjan Karki\.m2\wrapper\dists\apache-maven-3.9.11\03d7e36a140982eea48e22c1dcac01d8862b2550b2939e09a0809bbc5182a5bc\lib\jansi-native -Dmaven.multiModuleProjectDirectory=C:\Users\Tanjan Karki\OneDrive\Documents\NetBeansProjects\teacher-ev-system2 
java_command: org.codehaus.plexus.classworlds.launcher.Launcher -Dmaven.ext.class.path=C:\Program Files\Apache NetBeans\java\maven-nblib\netbeans-eventspy.jar --no-transfer-progress clean install
java_class_path (initial): C:\Users\Tanjan Karki\.m2\wrapper\dists\apache-maven-3.9.11\03d7e36a140982eea48e22c1dcac01d8862b2550b2939e09a0809bbc5182a5bc\boot\plexus-classworlds-2.9.0.jar
Launcher Type: SUN_STANDARD

[Global flags]
     intx CICompilerCount                          = 4                                         {product} {ergonomic}
     uint ConcGCThreads                            = 3                                         {product} {ergonomic}
     uint G1ConcRefinementThreads                  = 10                                        {product} {ergonomic}
   size_t G1HeapRegionSize                         = 2097152                                   {product} {ergonomic}
   size_t InitialHeapSize                          = 264241152                                 {product} {ergonomic}
   size_t MarkStackSize                            = 4194304                                   {product} {ergonomic}
   size_t MarkStackSizeMax                         = 536870912                                 {product} {ergonomic}
   size_t MaxHeapSize                              = 4219469824                                {product} {ergonomic}
   size_t MinHeapDeltaBytes                        = 2097152                                   {product} {ergonomic}
   size_t MinHeapSize                              = 8388608                                   {product} {ergonomic}
    uintx NonNMethodCodeHeapSize                   = 5832704                                {pd product} {ergonomic}
    uintx NonProfiledCodeHeapSize                  = 122945536                              {pd product} {ergonomic}
    uintx ProfiledCodeHeapSize                     = 122880000                              {pd product} {ergonomic}
    uintx ReservedCodeCacheSize                    = 251658240                              {pd product} {ergonomic}
     bool SegmentedCodeCache                       = true                                      {product} {ergonomic}
   size_t SoftMaxHeapSize                          = 4219469824                             {manageable} {ergonomic}
     bool UseCompressedOops                        = true                           {product lp64_product} {ergonomic}
     bool UseG1GC                                  = true                                      {product} {ergonomic}
     bool UseLargePagesIndividualAllocation        = false                                  {pd product} {ergonomic}

Logging:
Log output configuration:
 #0: stdout all=warning uptime,level,tags foldmultilines=false
 #1: stderr all=off uptime,level,tags foldmultilines=false

Release file:
<release file has not been read>
Environment Variables:
JAVA_HOME=C:\Program Files\Apache NetBeans\jdk
PATH=C:\Program Files (x86)\Common Files\Intel\Shared Libraries\redist\intel64\compiler;C:\Program Files\Common Files\Oracle\Java\javapath;C:\Windows\system32;C:\Windows;C:\Windows\System32\Wbem;C:\Windows\System32\WindowsPowerShell\v1.0\;C:\Windows\System32\OpenSSH\;C:\Program Files (x86)\NVIDIA Corporation\PhysX\Common;C:\Program Files\Java\jre-1.8\bin;C:\Program Files\nodejs;C:\ProgramData\chocolatey\bin;C:\Program Files\dotnet\;C:\WINDOWS\system32;C:\WINDOWS;C:\WINDOWS\System32\Wbem;C:\WINDOWS\System32\WindowsPowerShell\v1.0\;C:\WINDOWS\System32\OpenSSH\;C:\Program Files\NVIDIA Corporation\NVIDIA App\NvDLISR;C:\Program Files\Java\jdk-25\bin;C:\Program Files\Git\cmd;C:\Program Files\MySQL\MySQL Shell 8.0\bin\;C:\Program Files\Java\jdk-21\bin;C:\Program Files\Azure Data Studio\bin;C:\Program Files\Inno Setup 6;C:\Users\Tanjan Karki\AppData\Local\Programs\Microsoft VS Code\bin;C:\Program Files\nodejs;C:\Program Files\Java\jre-1.8\bin;C:\Users\Tanjan Karki\AppData\Local\Muse Hub\lib;C:\Users\Tanjan Karki\AppData\Local\Microsoft\WindowsApps;C:\Users\Tanjan Karki\AppData\Local\GitHubDesktop\bin
USERNAME=Tanjan Karki
OS=Windows_NT
PROCESSOR_IDENTIFIER=Intel64 Family 6 Model 154 Stepping 3, GenuineIntel
TMP=C:\Users\TANJAN~1\AppData\Local\Temp
TEMP=C:\Users\TANJAN~1\AppData\Local\Temp




Compilation memory statistics disabled.

Periodic native trim disabled

---------------  S Y S T E M  ---------------

OS:
 Windows 11 , 64 bit Build 26100 (10.0.26100.7623)
OS uptime: 0 days 4:22 hours
Hyper-V role detected

CPU: total 12 (initial active 12) (6 cores per cpu, 2 threads per core) family 6 model 154 stepping 3 microcode 0x419, cx8, cmov, fxsr, ht, mmx, 3dnowpref, sse, sse2, sse3, ssse3, sse4.1, sse4.2, popcnt, lzcnt, tsc, tscinvbit, avx, avx2, aes, erms, clmul, bmi1, bmi2, adx, sha, fma, vzeroupper, clflush, clflushopt, clwb, hv, serialize, rdtscp, rdpid, fsrm, gfni, f16c, cet_ibt, cet_ss
Processor Information for processor 0
  Max Mhz: 2000, Current Mhz: 2000, Mhz Limit: 2000
Processor Information for processor 1
  Max Mhz: 2000, Current Mhz: 2000, Mhz Limit: 2000
Processor Information for processor 2
  Max Mhz: 2000, Current Mhz: 2000, Mhz Limit: 2000
Processor Information for processor 3
  Max Mhz: 2000, Current Mhz: 2000, Mhz Limit: 2000
Processor Information for processor 4
  Max Mhz: 2000, Current Mhz: 2000, Mhz Limit: 2000
Processor Information for processor 5
  Max Mhz: 2000, Current Mhz: 2000, Mhz Limit: 2000
Processor Information for processor 6
  Max Mhz: 2000, Current Mhz: 1520, Mhz Limit: 2000
Processor Information for processor 7
  Max Mhz: 2000, Current Mhz: 1520, Mhz Limit: 2000
Processor Information for processor 8
  Max Mhz: 2000, Current Mhz: 1500, Mhz Limit: 1500
Processor Information for processor 9
  Max Mhz: 2000, Current Mhz: 1500, Mhz Limit: 1500
Processor Information for processor 10
  Max Mhz: 2000, Current Mhz: 1500, Mhz Limit: 1500
Processor Information for processor 11
  Max Mhz: 2000, Current Mhz: 1500, Mhz Limit: 1500

Memory: 4k page, system-wide physical 16088M (4569M free)
TotalPageFile size 16088M (AvailPageFile size 160M)
current process WorkingSet (physical memory assigned to process): 14M, peak: 14M
current process commit charge ("private bytes"): 65M, peak: 317M

vm_info: OpenJDK 64-Bit Server VM (25.0.1+8-LTS) for windows-amd64 JRE (25.0.1+8-LTS), built on 2025-10-21T00:00:00Z with unknown MS VC++:1942

END.
