#
# There is insufficient memory for the Java Runtime Environment to continue.
# Native memory allocation (malloc) failed to allocate 1514264 bytes. Error detail: Chunk::new
# Possible reasons:
#   The system is out of physical RAM or swap space
#   This process is running with CompressedOops enabled, and the Java Heap may be blocking the growth of the native heap
# Possible solutions:
#   Reduce memory load on the system
#   Increase physical memory or swap space
#   Check if swap backing store is full
#   Decrease Java heap size (-Xmx/-Xms)
#   Decrease number of Java threads
#   Decrease Java thread stack sizes (-Xss)
#   Set larger code cache with -XX:ReservedCodeCacheSize=
#   JVM is running with Zero Based Compressed Oops mode in which the Java heap is
#     placed in the first 32GB address space. The Java Heap base address is the
#     maximum limit for the native heap growth. Please use -XX:HeapBaseMinAddress
#     to set the Java Heap base and to place the Java Heap above 32GB virtual address.
# This output file may be truncated or incomplete.
#
#  Out of Memory Error (arena.cpp:186), pid=16564, tid=16684
#
# JRE version: OpenJDK Runtime Environment Temurin-25.0.1+8 (25.0.1+8) (build 25.0.1+8-LTS)
# Java VM: OpenJDK 64-Bit Server VM Temurin-25.0.1+8 (25.0.1+8-LTS, mixed mode, sharing, tiered, compressed oops, compressed class ptrs, g1 gc, windows-amd64)
# No core dump will be written. Minidumps are not enabled by default on client versions of Windows
#

---------------  S U M M A R Y ------------

Command Line: --enable-native-access=ALL-UNNAMED -Dclassworlds.conf=C:\Users\Tanjan Karki\.m2\wrapper\dists\apache-maven-3.9.11\03d7e36a140982eea48e22c1dcac01d8862b2550b2939e09a0809bbc5182a5bc\bin\m2.conf -Dmaven.home=C:\Users\Tanjan Karki\.m2\wrapper\dists\apache-maven-3.9.11\03d7e36a140982eea48e22c1dcac01d8862b2550b2939e09a0809bbc5182a5bc -Dlibrary.jansi.path=C:\Users\Tanjan Karki\.m2\wrapper\dists\apache-maven-3.9.11\03d7e36a140982eea48e22c1dcac01d8862b2550b2939e09a0809bbc5182a5bc\lib\jansi-native -Dmaven.multiModuleProjectDirectory=C:\Users\Tanjan Karki\OneDrive\Documents\NetBeansProjects\teacher-ev-system2 org.codehaus.plexus.classworlds.launcher.Launcher -Dmaven.ext.class.path=C:\Program Files\Apache NetBeans\java\maven-nblib\netbeans-eventspy.jar --no-transfer-progress clean install

Host: 12th Gen Intel(R) Core(TM) i5-12450H, 12 cores, 15G,  Windows 11 , 64 bit Build 26100 (10.0.26100.7623)
Time: Sun Jan 25 18:26:52 2026 Nepal Standard Time elapsed time: 3.290143 seconds (0d 0h 0m 3s)

---------------  T H R E A D  ---------------

Current thread (0x000001fca8f40340):  JavaThread "C2 CompilerThread1" daemon [_thread_in_native, id=16684, stack(0x0000003453600000,0x0000003453700000) (1024K)]


Current CompileTask:
C2:3290 5533       4       java.util.regex.Matcher::match (154 bytes)

Stack: [0x0000003453600000,0x0000003453700000]
Native frames: (J=compiled Java code, j=interpreted, Vv=VM code, C=native code)
V  [jvm.dll+0x7a8379]  (no source info available)
V  [jvm.dll+0x7729fd]  (no source info available)
V  [jvm.dll+0x9f57b3]  (no source info available)
V  [jvm.dll+0x9f7da1]  (no source info available)
V  [jvm.dll+0x9f84a3]  (no source info available)
V  [jvm.dll+0x2fcd26]  (no source info available)
V  [jvm.dll+0x111086]  (no source info available)
V  [jvm.dll+0x1113ae]  (no source info available)
V  [jvm.dll+0x1a01a2]  (no source info available)
V  [jvm.dll+0x3b5e72]  (no source info available)
V  [jvm.dll+0x7adcec]  (no source info available)
V  [jvm.dll+0x2c0327]  (no source info available)
V  [jvm.dll+0x2bf2ef]  (no source info available)
V  [jvm.dll+0x237300]  (no source info available)
V  [jvm.dll+0x2cf386]  (no source info available)
V  [jvm.dll+0x2cd60a]  (no source info available)
V  [jvm.dll+0x48f64e]  (no source info available)
V  [jvm.dll+0x99630d]  (no source info available)
V  [jvm.dll+0x7a6955]  (no source info available)
C  [ucrtbase.dll+0x37b0]  (no source info available)
C  [KERNEL32.DLL+0x2e8d7]  (no source info available)
C  [ntdll.dll+0x8c53c]  (no source info available)

Lock stack of current Java thread (top to bottom):


---------------  P R O C E S S  ---------------

Threads class SMR info:
_java_thread_list=0x000001fca9993600, length=13, elements={
0x000001fc87008130, 0x000001fca8f2e520, 0x000001fca8f2ef80, 0x000001fca8f32440,
0x000001fca8f33000, 0x000001fca8f39e40, 0x000001fca8f3b220, 0x000001fca8f3ee10,
0x000001fca8f42380, 0x000001fca9188160, 0x000001fca9191340, 0x000001fca8f40340,
0x000001fca8f453e0
}

Java Threads: ( => current thread )
  0x000001fc87008130 JavaThread "main"                              [_thread_in_Java, id=2312, stack(0x0000003452400000,0x0000003452500000) (1024K)]
  0x000001fca8f2e520 JavaThread "Reference Handler"          daemon [_thread_blocked, id=9772, stack(0x0000003452c00000,0x0000003452d00000) (1024K)]
  0x000001fca8f2ef80 JavaThread "Finalizer"                  daemon [_thread_blocked, id=3368, stack(0x0000003452d00000,0x0000003452e00000) (1024K)]
  0x000001fca8f32440 JavaThread "Signal Dispatcher"          daemon [_thread_blocked, id=2688, stack(0x0000003452e00000,0x0000003452f00000) (1024K)]
  0x000001fca8f33000 JavaThread "Attach Listener"            daemon [_thread_blocked, id=4600, stack(0x0000003452f00000,0x0000003453000000) (1024K)]
  0x000001fca8f39e40 JavaThread "Service Thread"             daemon [_thread_blocked, id=7920, stack(0x0000003453000000,0x0000003453100000) (1024K)]
  0x000001fca8f3b220 JavaThread "Monitor Deflation Thread"   daemon [_thread_blocked, id=1960, stack(0x0000003453100000,0x0000003453200000) (1024K)]
  0x000001fca8f3ee10 JavaThread "C2 CompilerThread0"         daemon [_thread_in_native, id=13272, stack(0x0000003453200000,0x0000003453300000) (1024K)]
  0x000001fca8f42380 JavaThread "C1 CompilerThread0"         daemon [_thread_in_vm, id=10304, stack(0x0000003453300000,0x0000003453400000) (1024K)]
  0x000001fca9188160 JavaThread "Notification Thread"        daemon [_thread_blocked, id=5004, stack(0x0000003453400000,0x0000003453500000) (1024K)]
  0x000001fca9191340 JavaThread "Common-Cleaner"             daemon [_thread_blocked, id=13472, stack(0x0000003453500000,0x0000003453600000) (1024K)]
=>0x000001fca8f40340 JavaThread "C2 CompilerThread1"         daemon [_thread_in_native, id=16684, stack(0x0000003453600000,0x0000003453700000) (1024K)]
  0x000001fca8f453e0 JavaThread "C2 CompilerThread2"         daemon [_thread_in_native, id=15088, stack(0x0000003453700000,0x0000003453800000) (1024K)]
Total: 13

Other Threads:
  0x000001fca8f1d020 VMThread "VM Thread"                           [id=2536, stack(0x0000003452b00000,0x0000003452c00000) (1024K)]
  0x000001fca8f0eb10 WatcherThread "VM Periodic Task Thread"        [id=13596, stack(0x0000003452a00000,0x0000003452b00000) (1024K)]
  0x000001fc89587f20 WorkerThread "GC Thread#0"                     [id=13172, stack(0x0000003452500000,0x0000003452600000) (1024K)]
  0x000001fcae805870 WorkerThread "GC Thread#1"                     [id=8984, stack(0x0000003453800000,0x0000003453900000) (1024K)]
  0x000001fcae4474f0 WorkerThread "GC Thread#2"                     [id=13476, stack(0x0000003453900000,0x0000003453a00000) (1024K)]
  0x000001fcae4090c0 WorkerThread "GC Thread#3"                     [id=5364, stack(0x0000003453a00000,0x0000003453b00000) (1024K)]
  0x000001fcae4094f0 WorkerThread "GC Thread#4"                     [id=15036, stack(0x0000003453b00000,0x0000003453c00000) (1024K)]
  0x000001fcae409d20 WorkerThread "GC Thread#5"                     [id=11444, stack(0x0000003453c00000,0x0000003453d00000) (1024K)]
  0x000001fcaf072110 WorkerThread "GC Thread#6"                     [id=8412, stack(0x0000003453d00000,0x0000003453e00000) (1024K)]
  0x000001fcaf06fe90 WorkerThread "GC Thread#7"                     [id=6972, stack(0x0000003453e00000,0x0000003453f00000) (1024K)]
  0x000001fcaf06fa40 WorkerThread "GC Thread#8"                     [id=10812, stack(0x0000003453f00000,0x0000003454000000) (1024K)]
  0x000001fcaf0702e0 WorkerThread "GC Thread#9"                     [id=1468, stack(0x0000003454000000,0x0000003454100000) (1024K)]
  0x000001fc895a1620 ConcurrentGCThread "G1 Main Marker"            [id=1576, stack(0x0000003452600000,0x0000003452700000) (1024K)]
  0x000001fc895a1fd0 WorkerThread "G1 Conc#0"                       [id=5396, stack(0x0000003452700000,0x0000003452800000) (1024K)]
  0x000001fca8dd2f00 ConcurrentGCThread "G1 Refine#0"               [id=3816, stack(0x0000003452800000,0x0000003452900000) (1024K)]
  0x000001fca8dd3910 ConcurrentGCThread "G1 Service"                [id=3692, stack(0x0000003452900000,0x0000003452a00000) (1024K)]
Total: 16

Threads with active compile tasks:
C2 CompilerThread0  5341 5470       4       java.lang.invoke.MethodType::makeImpl (109 bytes)
C2 CompilerThread1  5341 5533       4       java.util.regex.Matcher::match (154 bytes)
C2 CompilerThread2  5341 5534   !   4       java.lang.String::<init> (852 bytes)
Total: 3

VM state: not at safepoint (normal execution)

VM Mutex/Monitor currently owned by a thread: None

Heap address: 0x0000000704800000, size: 4024 MB, Compressed Oops mode: Zero based, Oop shift amount: 3

CDS archive(s) mapped at: [0x000000002d000000-0x000000002ddd0000-0x000000002ddd0000), size 14483456, SharedBaseAddress: 0x000000002d000000, ArchiveRelocationMode: 1.
Compressed class space mapped at: 0x000000002e000000-0x000000006e000000, reserved size: 1073741824
UseCompressedClassPointers 1, UseCompactObjectHeaders 0
Narrow klass pointer bits 32, Max shift 3
Narrow klass base: 0x000000002d000000, Narrow klass shift: 0
Encoding Range: [0x000000002d000000 - 0x000000012d000000), (4294967296 bytes)
Klass Range:    [0x000000002d010000 - 0x000000006e000000), (1090453504 bytes)
Klass ID Range:  [65536 - 1090519033) (1090453497)
Protection zone: [0x000000002d000000 - 0x000000002d010000), (65536 bytes)

GC Precious Log:
 CardTable entry size: 512
 Card Set container configuration: InlinePtr #cards 4 size 8 Array Of Cards #cards 16 size 48 Howl #buckets 8 coarsen threshold 3686 Howl Bitmap #cards 512 size 80 coarsen threshold 460 Card regions per heap region 1 cards per card region 4096
 CPUs: 12 total, 12 available
 Memory: 16088M
 Large Page Support: Disabled
 NUMA Support: Disabled
 Compressed Oops: Enabled (Zero based)
 Heap Region Size: 2M
 Heap Min Capacity: 8M
 Heap Initial Capacity: 252M
 Heap Max Capacity: 4024M
 Pre-touch: Disabled
 Parallel Workers: 10
 Concurrent Workers: 3
 Concurrent Refinement Workers: 10
 Periodic GC: Disabled

Heap:
 garbage-first heap   total reserved 4120576K, committed 260096K, used 33825K [0x0000000704800000, 0x0000000800000000)
  region size 2048K, 17 young (34816K), 7 survivors (14336K)

Heap Regions: E=young(eden), S=young(survivor), O=old, HS=humongous(starts), HC=humongous(continues), CS=collection set, F=free, TAMS=top-at-mark-start, PB=parsable bottom
|   0|0x0000000704800000, 0x0000000704800000, 0x0000000704a00000|  0%| F|  |TAMS 0x0000000704800000| PB 0x0000000704800000| Untracked |  0
|   1|0x0000000704a00000, 0x0000000704a00000, 0x0000000704c00000|  0%| F|  |TAMS 0x0000000704a00000| PB 0x0000000704a00000| Untracked |  0
|   2|0x0000000704c00000, 0x0000000704c00000, 0x0000000704e00000|  0%| F|  |TAMS 0x0000000704c00000| PB 0x0000000704c00000| Untracked |  0
|   3|0x0000000704e00000, 0x0000000704e00000, 0x0000000705000000|  0%| F|  |TAMS 0x0000000704e00000| PB 0x0000000704e00000| Untracked |  0
|   4|0x0000000705000000, 0x0000000705000000, 0x0000000705200000|  0%| F|  |TAMS 0x0000000705000000| PB 0x0000000705000000| Untracked |  0
|   5|0x0000000705200000, 0x0000000705200000, 0x0000000705400000|  0%| F|  |TAMS 0x0000000705200000| PB 0x0000000705200000| Untracked |  0
|   6|0x0000000705400000, 0x0000000705400000, 0x0000000705600000|  0%| F|  |TAMS 0x0000000705400000| PB 0x0000000705400000| Untracked |  0
|   7|0x0000000705600000, 0x0000000705600000, 0x0000000705800000|  0%| F|  |TAMS 0x0000000705600000| PB 0x0000000705600000| Untracked |  0
|   8|0x0000000705800000, 0x0000000705800000, 0x0000000705a00000|  0%| F|  |TAMS 0x0000000705800000| PB 0x0000000705800000| Untracked |  0
|   9|0x0000000705a00000, 0x0000000705a00000, 0x0000000705c00000|  0%| F|  |TAMS 0x0000000705a00000| PB 0x0000000705a00000| Untracked |  0
|  10|0x0000000705c00000, 0x0000000705c00000, 0x0000000705e00000|  0%| F|  |TAMS 0x0000000705c00000| PB 0x0000000705c00000| Untracked |  0
|  11|0x0000000705e00000, 0x0000000705e00000, 0x0000000706000000|  0%| F|  |TAMS 0x0000000705e00000| PB 0x0000000705e00000| Untracked |  0
|  12|0x0000000706000000, 0x0000000706000000, 0x0000000706200000|  0%| F|  |TAMS 0x0000000706000000| PB 0x0000000706000000| Untracked |  0
|  13|0x0000000706200000, 0x0000000706200000, 0x0000000706400000|  0%| F|  |TAMS 0x0000000706200000| PB 0x0000000706200000| Untracked |  0
|  14|0x0000000706400000, 0x0000000706400000, 0x0000000706600000|  0%| F|  |TAMS 0x0000000706400000| PB 0x0000000706400000| Untracked |  0
|  15|0x0000000706600000, 0x0000000706600000, 0x0000000706800000|  0%| F|  |TAMS 0x0000000706600000| PB 0x0000000706600000| Untracked |  0
|  16|0x0000000706800000, 0x0000000706800000, 0x0000000706a00000|  0%| F|  |TAMS 0x0000000706800000| PB 0x0000000706800000| Untracked |  0
|  17|0x0000000706a00000, 0x0000000706a00000, 0x0000000706c00000|  0%| F|  |TAMS 0x0000000706a00000| PB 0x0000000706a00000| Untracked |  0
|  18|0x0000000706c00000, 0x0000000706c00000, 0x0000000706e00000|  0%| F|  |TAMS 0x0000000706c00000| PB 0x0000000706c00000| Untracked |  0
|  19|0x0000000706e00000, 0x0000000706e00000, 0x0000000707000000|  0%| F|  |TAMS 0x0000000706e00000| PB 0x0000000706e00000| Untracked |  0
|  20|0x0000000707000000, 0x0000000707000000, 0x0000000707200000|  0%| F|  |TAMS 0x0000000707000000| PB 0x0000000707000000| Untracked |  0
|  21|0x0000000707200000, 0x0000000707200000, 0x0000000707400000|  0%| F|  |TAMS 0x0000000707200000| PB 0x0000000707200000| Untracked |  0
|  22|0x0000000707400000, 0x0000000707400000, 0x0000000707600000|  0%| F|  |TAMS 0x0000000707400000| PB 0x0000000707400000| Untracked |  0
|  23|0x0000000707600000, 0x0000000707600000, 0x0000000707800000|  0%| F|  |TAMS 0x0000000707600000| PB 0x0000000707600000| Untracked |  0
|  24|0x0000000707800000, 0x0000000707800000, 0x0000000707a00000|  0%| F|  |TAMS 0x0000000707800000| PB 0x0000000707800000| Untracked |  0
|  25|0x0000000707a00000, 0x0000000707a00000, 0x0000000707c00000|  0%| F|  |TAMS 0x0000000707a00000| PB 0x0000000707a00000| Untracked |  0
|  26|0x0000000707c00000, 0x0000000707c00000, 0x0000000707e00000|  0%| F|  |TAMS 0x0000000707c00000| PB 0x0000000707c00000| Untracked |  0
|  27|0x0000000707e00000, 0x0000000707e00000, 0x0000000708000000|  0%| F|  |TAMS 0x0000000707e00000| PB 0x0000000707e00000| Untracked |  0
|  28|0x0000000708000000, 0x0000000708000000, 0x0000000708200000|  0%| F|  |TAMS 0x0000000708000000| PB 0x0000000708000000| Untracked |  0
|  29|0x0000000708200000, 0x0000000708200000, 0x0000000708400000|  0%| F|  |TAMS 0x0000000708200000| PB 0x0000000708200000| Untracked |  0
|  30|0x0000000708400000, 0x0000000708400000, 0x0000000708600000|  0%| F|  |TAMS 0x0000000708400000| PB 0x0000000708400000| Untracked |  0
|  31|0x0000000708600000, 0x0000000708600000, 0x0000000708800000|  0%| F|  |TAMS 0x0000000708600000| PB 0x0000000708600000| Untracked |  0
|  32|0x0000000708800000, 0x0000000708800000, 0x0000000708a00000|  0%| F|  |TAMS 0x0000000708800000| PB 0x0000000708800000| Untracked |  0
|  33|0x0000000708a00000, 0x0000000708a00000, 0x0000000708c00000|  0%| F|  |TAMS 0x0000000708a00000| PB 0x0000000708a00000| Untracked |  0
|  34|0x0000000708c00000, 0x0000000708c00000, 0x0000000708e00000|  0%| F|  |TAMS 0x0000000708c00000| PB 0x0000000708c00000| Untracked |  0
|  35|0x0000000708e00000, 0x0000000708e00000, 0x0000000709000000|  0%| F|  |TAMS 0x0000000708e00000| PB 0x0000000708e00000| Untracked |  0
|  36|0x0000000709000000, 0x0000000709000000, 0x0000000709200000|  0%| F|  |TAMS 0x0000000709000000| PB 0x0000000709000000| Untracked |  0
|  37|0x0000000709200000, 0x0000000709200000, 0x0000000709400000|  0%| F|  |TAMS 0x0000000709200000| PB 0x0000000709200000| Untracked |  0
|  38|0x0000000709400000, 0x0000000709400000, 0x0000000709600000|  0%| F|  |TAMS 0x0000000709400000| PB 0x0000000709400000| Untracked |  0
|  39|0x0000000709600000, 0x0000000709600000, 0x0000000709800000|  0%| F|  |TAMS 0x0000000709600000| PB 0x0000000709600000| Untracked |  0
|  40|0x0000000709800000, 0x0000000709800000, 0x0000000709a00000|  0%| F|  |TAMS 0x0000000709800000| PB 0x0000000709800000| Untracked |  0
|  41|0x0000000709a00000, 0x0000000709a00000, 0x0000000709c00000|  0%| F|  |TAMS 0x0000000709a00000| PB 0x0000000709a00000| Untracked |  0
|  42|0x0000000709c00000, 0x0000000709c00000, 0x0000000709e00000|  0%| F|  |TAMS 0x0000000709c00000| PB 0x0000000709c00000| Untracked |  0
|  43|0x0000000709e00000, 0x0000000709e00000, 0x000000070a000000|  0%| F|  |TAMS 0x0000000709e00000| PB 0x0000000709e00000| Untracked |  0
|  44|0x000000070a000000, 0x000000070a000000, 0x000000070a200000|  0%| F|  |TAMS 0x000000070a000000| PB 0x000000070a000000| Untracked |  0
|  45|0x000000070a200000, 0x000000070a200000, 0x000000070a400000|  0%| F|  |TAMS 0x000000070a200000| PB 0x000000070a200000| Untracked |  0
|  46|0x000000070a400000, 0x000000070a400000, 0x000000070a600000|  0%| F|  |TAMS 0x000000070a400000| PB 0x000000070a400000| Untracked |  0
|  47|0x000000070a600000, 0x000000070a600000, 0x000000070a800000|  0%| F|  |TAMS 0x000000070a600000| PB 0x000000070a600000| Untracked |  0
|  48|0x000000070a800000, 0x000000070a800000, 0x000000070aa00000|  0%| F|  |TAMS 0x000000070a800000| PB 0x000000070a800000| Untracked |  0
|  49|0x000000070aa00000, 0x000000070aa00000, 0x000000070ac00000|  0%| F|  |TAMS 0x000000070aa00000| PB 0x000000070aa00000| Untracked |  0
|  50|0x000000070ac00000, 0x000000070ac00000, 0x000000070ae00000|  0%| F|  |TAMS 0x000000070ac00000| PB 0x000000070ac00000| Untracked |  0
|  51|0x000000070ae00000, 0x000000070ae00000, 0x000000070b000000|  0%| F|  |TAMS 0x000000070ae00000| PB 0x000000070ae00000| Untracked |  0
|  52|0x000000070b000000, 0x000000070b000000, 0x000000070b200000|  0%| F|  |TAMS 0x000000070b000000| PB 0x000000070b000000| Untracked |  0
|  53|0x000000070b200000, 0x000000070b200000, 0x000000070b400000|  0%| F|  |TAMS 0x000000070b200000| PB 0x000000070b200000| Untracked |  0
|  54|0x000000070b400000, 0x000000070b400000, 0x000000070b600000|  0%| F|  |TAMS 0x000000070b400000| PB 0x000000070b400000| Untracked |  0
|  55|0x000000070b600000, 0x000000070b600000, 0x000000070b800000|  0%| F|  |TAMS 0x000000070b600000| PB 0x000000070b600000| Untracked |  0
|  56|0x000000070b800000, 0x000000070b800000, 0x000000070ba00000|  0%| F|  |TAMS 0x000000070b800000| PB 0x000000070b800000| Untracked |  0
|  57|0x000000070ba00000, 0x000000070ba00000, 0x000000070bc00000|  0%| F|  |TAMS 0x000000070ba00000| PB 0x000000070ba00000| Untracked |  0
|  58|0x000000070bc00000, 0x000000070bc00000, 0x000000070be00000|  0%| F|  |TAMS 0x000000070bc00000| PB 0x000000070bc00000| Untracked |  0
|  59|0x000000070be00000, 0x000000070be00000, 0x000000070c000000|  0%| F|  |TAMS 0x000000070be00000| PB 0x000000070be00000| Untracked |  0
|  60|0x000000070c000000, 0x000000070c000000, 0x000000070c200000|  0%| F|  |TAMS 0x000000070c000000| PB 0x000000070c000000| Untracked |  0
|  61|0x000000070c200000, 0x000000070c3e3880, 0x000000070c400000| 94%| S|CS|TAMS 0x000000070c200000| PB 0x000000070c200000| Complete |  0
|  62|0x000000070c400000, 0x000000070c600000, 0x000000070c600000|100%| S|CS|TAMS 0x000000070c400000| PB 0x000000070c400000| Complete |  0
|  63|0x000000070c600000, 0x000000070c800000, 0x000000070c800000|100%| S|CS|TAMS 0x000000070c600000| PB 0x000000070c600000| Complete |  0
|  64|0x000000070c800000, 0x000000070ca00000, 0x000000070ca00000|100%| S|CS|TAMS 0x000000070c800000| PB 0x000000070c800000| Complete |  0
|  65|0x000000070ca00000, 0x000000070cc00000, 0x000000070cc00000|100%| S|CS|TAMS 0x000000070ca00000| PB 0x000000070ca00000| Complete |  0
|  66|0x000000070cc00000, 0x000000070ce00000, 0x000000070ce00000|100%| S|CS|TAMS 0x000000070cc00000| PB 0x000000070cc00000| Complete |  0
|  67|0x000000070ce00000, 0x000000070d000000, 0x000000070d000000|100%| S|CS|TAMS 0x000000070ce00000| PB 0x000000070ce00000| Complete |  0
|  68|0x000000070d000000, 0x000000070d000000, 0x000000070d200000|  0%| F|  |TAMS 0x000000070d000000| PB 0x000000070d000000| Untracked |  0
|  69|0x000000070d200000, 0x000000070d200000, 0x000000070d400000|  0%| F|  |TAMS 0x000000070d200000| PB 0x000000070d200000| Untracked |  0
|  70|0x000000070d400000, 0x000000070d400000, 0x000000070d600000|  0%| F|  |TAMS 0x000000070d400000| PB 0x000000070d400000| Untracked |  0
|  71|0x000000070d600000, 0x000000070d600000, 0x000000070d800000|  0%| F|  |TAMS 0x000000070d600000| PB 0x000000070d600000| Untracked |  0
|  72|0x000000070d800000, 0x000000070d800000, 0x000000070da00000|  0%| F|  |TAMS 0x000000070d800000| PB 0x000000070d800000| Untracked |  0
|  73|0x000000070da00000, 0x000000070da00000, 0x000000070dc00000|  0%| F|  |TAMS 0x000000070da00000| PB 0x000000070da00000| Untracked |  0
|  74|0x000000070dc00000, 0x000000070dc00000, 0x000000070de00000|  0%| F|  |TAMS 0x000000070dc00000| PB 0x000000070dc00000| Untracked |  0
|  75|0x000000070de00000, 0x000000070de00000, 0x000000070e000000|  0%| F|  |TAMS 0x000000070de00000| PB 0x000000070de00000| Untracked |  0
|  76|0x000000070e000000, 0x000000070e000000, 0x000000070e200000|  0%| F|  |TAMS 0x000000070e000000| PB 0x000000070e000000| Untracked |  0
|  77|0x000000070e200000, 0x000000070e200000, 0x000000070e400000|  0%| F|  |TAMS 0x000000070e200000| PB 0x000000070e200000| Untracked |  0
|  78|0x000000070e400000, 0x000000070e400000, 0x000000070e600000|  0%| F|  |TAMS 0x000000070e400000| PB 0x000000070e400000| Untracked |  0
|  79|0x000000070e600000, 0x000000070e600000, 0x000000070e800000|  0%| F|  |TAMS 0x000000070e600000| PB 0x000000070e600000| Untracked |  0
|  80|0x000000070e800000, 0x000000070e800000, 0x000000070ea00000|  0%| F|  |TAMS 0x000000070e800000| PB 0x000000070e800000| Untracked |  0
|  81|0x000000070ea00000, 0x000000070ea00000, 0x000000070ec00000|  0%| F|  |TAMS 0x000000070ea00000| PB 0x000000070ea00000| Untracked |  0
|  82|0x000000070ec00000, 0x000000070ec00000, 0x000000070ee00000|  0%| F|  |TAMS 0x000000070ec00000| PB 0x000000070ec00000| Untracked |  0
|  83|0x000000070ee00000, 0x000000070ee00000, 0x000000070f000000|  0%| F|  |TAMS 0x000000070ee00000| PB 0x000000070ee00000| Untracked |  0
|  84|0x000000070f000000, 0x000000070f000000, 0x000000070f200000|  0%| F|  |TAMS 0x000000070f000000| PB 0x000000070f000000| Untracked |  0
|  85|0x000000070f200000, 0x000000070f200000, 0x000000070f400000|  0%| F|  |TAMS 0x000000070f200000| PB 0x000000070f200000| Untracked |  0
|  86|0x000000070f400000, 0x000000070f400000, 0x000000070f600000|  0%| F|  |TAMS 0x000000070f400000| PB 0x000000070f400000| Untracked |  0
|  87|0x000000070f600000, 0x000000070f600000, 0x000000070f800000|  0%| F|  |TAMS 0x000000070f600000| PB 0x000000070f600000| Untracked |  0
|  88|0x000000070f800000, 0x000000070f800000, 0x000000070fa00000|  0%| F|  |TAMS 0x000000070f800000| PB 0x000000070f800000| Untracked |  0
|  89|0x000000070fa00000, 0x000000070fa00000, 0x000000070fc00000|  0%| F|  |TAMS 0x000000070fa00000| PB 0x000000070fa00000| Untracked |  0
|  90|0x000000070fc00000, 0x000000070fc00000, 0x000000070fe00000|  0%| F|  |TAMS 0x000000070fc00000| PB 0x000000070fc00000| Untracked |  0
|  91|0x000000070fe00000, 0x000000070fe00000, 0x0000000710000000|  0%| F|  |TAMS 0x000000070fe00000| PB 0x000000070fe00000| Untracked |  0
|  92|0x0000000710000000, 0x0000000710000000, 0x0000000710200000|  0%| F|  |TAMS 0x0000000710000000| PB 0x0000000710000000| Untracked |  0
|  93|0x0000000710200000, 0x0000000710200000, 0x0000000710400000|  0%| F|  |TAMS 0x0000000710200000| PB 0x0000000710200000| Untracked |  0
|  94|0x0000000710400000, 0x0000000710400000, 0x0000000710600000|  0%| F|  |TAMS 0x0000000710400000| PB 0x0000000710400000| Untracked |  0
|  95|0x0000000710600000, 0x0000000710600000, 0x0000000710800000|  0%| F|  |TAMS 0x0000000710600000| PB 0x0000000710600000| Untracked |  0
|  96|0x0000000710800000, 0x0000000710800000, 0x0000000710a00000|  0%| F|  |TAMS 0x0000000710800000| PB 0x0000000710800000| Untracked |  0
|  97|0x0000000710a00000, 0x0000000710a00000, 0x0000000710c00000|  0%| F|  |TAMS 0x0000000710a00000| PB 0x0000000710a00000| Untracked |  0
|  98|0x0000000710c00000, 0x0000000710c00000, 0x0000000710e00000|  0%| F|  |TAMS 0x0000000710c00000| PB 0x0000000710c00000| Untracked |  0
|  99|0x0000000710e00000, 0x0000000710e00000, 0x0000000711000000|  0%| F|  |TAMS 0x0000000710e00000| PB 0x0000000710e00000| Untracked |  0
| 100|0x0000000711000000, 0x0000000711000000, 0x0000000711200000|  0%| F|  |TAMS 0x0000000711000000| PB 0x0000000711000000| Untracked |  0
| 101|0x0000000711200000, 0x0000000711200000, 0x0000000711400000|  0%| F|  |TAMS 0x0000000711200000| PB 0x0000000711200000| Untracked |  0
| 102|0x0000000711400000, 0x0000000711400000, 0x0000000711600000|  0%| F|  |TAMS 0x0000000711400000| PB 0x0000000711400000| Untracked |  0
| 103|0x0000000711600000, 0x0000000711600000, 0x0000000711800000|  0%| F|  |TAMS 0x0000000711600000| PB 0x0000000711600000| Untracked |  0
| 104|0x0000000711800000, 0x0000000711800000, 0x0000000711a00000|  0%| F|  |TAMS 0x0000000711800000| PB 0x0000000711800000| Untracked |  0
| 105|0x0000000711a00000, 0x0000000711a00000, 0x0000000711c00000|  0%| F|  |TAMS 0x0000000711a00000| PB 0x0000000711a00000| Untracked |  0
| 106|0x0000000711c00000, 0x0000000711c00000, 0x0000000711e00000|  0%| F|  |TAMS 0x0000000711c00000| PB 0x0000000711c00000| Untracked |  0
| 107|0x0000000711e00000, 0x0000000711e00000, 0x0000000712000000|  0%| F|  |TAMS 0x0000000711e00000| PB 0x0000000711e00000| Untracked |  0
| 108|0x0000000712000000, 0x0000000712000000, 0x0000000712200000|  0%| F|  |TAMS 0x0000000712000000| PB 0x0000000712000000| Untracked |  0
| 109|0x0000000712200000, 0x0000000712200000, 0x0000000712400000|  0%| F|  |TAMS 0x0000000712200000| PB 0x0000000712200000| Untracked |  0
| 110|0x0000000712400000, 0x0000000712400000, 0x0000000712600000|  0%| F|  |TAMS 0x0000000712400000| PB 0x0000000712400000| Untracked |  0
| 111|0x0000000712600000, 0x0000000712600000, 0x0000000712800000|  0%| F|  |TAMS 0x0000000712600000| PB 0x0000000712600000| Untracked |  0
| 112|0x0000000712800000, 0x0000000712800000, 0x0000000712a00000|  0%| F|  |TAMS 0x0000000712800000| PB 0x0000000712800000| Untracked |  0
| 113|0x0000000712a00000, 0x0000000712a00000, 0x0000000712c00000|  0%| F|  |TAMS 0x0000000712a00000| PB 0x0000000712a00000| Untracked |  0
| 114|0x0000000712c00000, 0x0000000712c00000, 0x0000000712e00000|  0%| F|  |TAMS 0x0000000712c00000| PB 0x0000000712c00000| Untracked |  0
| 115|0x0000000712e00000, 0x0000000712e00000, 0x0000000713000000|  0%| F|  |TAMS 0x0000000712e00000| PB 0x0000000712e00000| Untracked |  0
| 116|0x0000000713000000, 0x0000000713200000, 0x0000000713200000|100%| E|  |TAMS 0x0000000713000000| PB 0x0000000713000000| Complete |  0
| 117|0x0000000713200000, 0x0000000713400000, 0x0000000713400000|100%| E|CS|TAMS 0x0000000713200000| PB 0x0000000713200000| Complete |  0
| 118|0x0000000713400000, 0x0000000713600000, 0x0000000713600000|100%| E|CS|TAMS 0x0000000713400000| PB 0x0000000713400000| Complete |  0
| 119|0x0000000713600000, 0x0000000713800000, 0x0000000713800000|100%| E|CS|TAMS 0x0000000713600000| PB 0x0000000713600000| Complete |  0
| 120|0x0000000713800000, 0x0000000713a00000, 0x0000000713a00000|100%| E|CS|TAMS 0x0000000713800000| PB 0x0000000713800000| Complete |  0
| 121|0x0000000713a00000, 0x0000000713c00000, 0x0000000713c00000|100%| E|CS|TAMS 0x0000000713a00000| PB 0x0000000713a00000| Complete |  0
| 122|0x0000000713c00000, 0x0000000713e00000, 0x0000000713e00000|100%| E|CS|TAMS 0x0000000713c00000| PB 0x0000000713c00000| Complete |  0
| 123|0x0000000713e00000, 0x0000000714000000, 0x0000000714000000|100%| E|CS|TAMS 0x0000000713e00000| PB 0x0000000713e00000| Complete |  0
| 124|0x0000000714000000, 0x0000000714200000, 0x0000000714200000|100%| E|CS|TAMS 0x0000000714000000| PB 0x0000000714000000| Complete |  0
| 125|0x0000000714200000, 0x0000000714400000, 0x0000000714400000|100%| E|CS|TAMS 0x0000000714200000| PB 0x0000000714200000| Complete |  0
|2011|0x00000007ffe00000, 0x00000007fff24ea8, 0x0000000800000000| 57%| O|  |TAMS 0x00000007ffe00000| PB 0x00000007ffe00000| Untracked |  0

Card table byte_map: [0x000001fca1d40000,0x000001fca2520000] _byte_map_base: 0x000001fc9e51c000

Marking Bits: (CMBitMap*) 0x000001fc895884b0
 Bits: [0x000001fca2520000, 0x000001fca6400000)

Polling page: 0x000001fc87550000

Metaspace:
Metaspace        used 17754K, committed 18048K, reserved 1114112K
 class space     used 1660K, committed 1792K, reserved 1048576K

Usage:
  Non-class:     15.72 MB used.
      Class:      1.62 MB used.
       Both:     17.34 MB used.

Virtual space:
  Non-class space:       64.00 MB reserved,      15.88 MB ( 25%) committed,  1 nodes.
      Class space:        1.00 GB reserved,       1.75 MB ( <1%) committed,  1 nodes.
             Both:        1.06 GB reserved,      17.62 MB (  2%) committed. 

Chunk freelists:
   Non-Class:  15.73 MB
       Class:  14.31 MB
        Both:  30.04 MB

MaxMetaspaceSize: unlimited
CompressedClassSpaceSize: 1.00 GB
Initial GC threshold: 21.00 MB
Current GC threshold: 21.00 MB
CDS: on
 - commit_granule_bytes: 65536.
 - commit_granule_words: 8192.
 - virtual_space_node_default_size: 8388608.
 - enlarge_chunks_in_place: 1.
UseCompressedClassPointers 1, UseCompactObjectHeaders 0
Narrow klass pointer bits 32, Max shift 3
Narrow klass base: 0x000000002d000000, Narrow klass shift: 0
Encoding Range: [0x000000002d000000 - 0x000000012d000000), (4294967296 bytes)
Klass Range:    [0x000000002d010000 - 0x000000006e000000), (1090453504 bytes)
Klass ID Range:  [65536 - 1090519033) (1090453497)
Protection zone: [0x000000002d000000 - 0x000000002d010000), (65536 bytes)


Internal statistics:

num_allocs_failed_limit: 0.
num_arena_births: 196.
num_arena_deaths: 0.
num_vsnodes_births: 2.
num_vsnodes_deaths: 0.
num_space_committed: 282.
num_space_uncommitted: 0.
num_chunks_returned_to_freelist: 0.
num_chunks_taken_from_freelist: 831.
num_chunk_merges: 0.
num_chunk_splits: 562.
num_chunks_enlarged: 437.
num_inconsistent_stats: 0.

CodeHeap 'non-profiled nmethods': size=120064Kb used=2032Kb max_used=2032Kb free=118031Kb
 bounds [0x000001fc99ad0000, 0x000001fc99d40000, 0x000001fca1010000]
CodeHeap 'profiled nmethods': size=120000Kb used=9359Kb max_used=9359Kb free=110641Kb
 bounds [0x000001fc92010000, 0x000001fc92940000, 0x000001fc99540000]
CodeHeap 'non-nmethods': size=5696Kb used=1424Kb max_used=1532Kb free=4271Kb
 bounds [0x000001fc99540000, 0x000001fc997b0000, 0x000001fc99ad0000]
CodeCache: size=245760Kb, used=12815Kb, max_used=12923Kb, free=232943Kb
 total_blobs=6112, nmethods=5571, adapters=442, full_count=0
Compilation: enabled, stopped_count=0, restarted_count=0

Compilation events (20 events):
Event: 3.206 Thread 0x000001fca8f42380 nmethod 5526 0x000001fc92903688 code [0x000001fc92903780, 0x000001fc929039d8]
Event: 3.206 Thread 0x000001fca8f42380 5527       3       org.eclipse.aether.internal.impl.resolution.ArtifactResolverPostProcessorSupport::isEnabled (35 bytes)
Event: 3.206 Thread 0x000001fca8f42380 nmethod 5527 0x000001fc92903a08 code [0x000001fc92903b00, 0x000001fc92904540]
Event: 3.206 Thread 0x000001fca8f42380 5528       3       org.codehaus.plexus.util.xml.XmlReader::close (8 bytes)
Event: 3.206 Thread 0x000001fca8f42380 nmethod 5528 0x000001fc92904588 code [0x000001fc92904680, 0x000001fc92904850]
Event: 3.208 Thread 0x000001fca8f453e0 nmethod 5529 0x000001fc99ccad08 code [0x000001fc99ccae00, 0x000001fc99ccb2e8]
Event: 3.208 Thread 0x000001fca8f453e0 5531       4       org.apache.maven.model.merge.ModelMerger::mergePlugin_Extensions (43 bytes)
Event: 3.209 Thread 0x000001fca8f453e0 nmethod 5531 0x000001fc99ccb308 code [0x000001fc99ccb400, 0x000001fc99ccb688]
Event: 3.210 Thread 0x000001fca8f40340 nmethod 5530 0x000001fc99ccb708 code [0x000001fc99ccb800, 0x000001fc99ccbcb0]
Event: 3.217 Thread 0x000001fca8f40340 5533       4       java.util.regex.Matcher::match (154 bytes)
Event: 3.217 Thread 0x000001fca8f42380 5532       3       org.eclipse.aether.internal.impl.DefaultArtifactResolver::resolveArtifact (33 bytes)
Event: 3.217 Thread 0x000001fca8f42380 nmethod 5532 0x000001fc92904888 code [0x000001fc92904980, 0x000001fc929051c8]
Event: 3.229 Thread 0x000001fca8f453e0 5534   !   4       java.lang.String::<init> (852 bytes)
Event: 3.232 Thread 0x000001fca8f42380 5536       3       org.codehaus.plexus.util.StringUtils::isBlank (43 bytes)
Event: 3.233 Thread 0x000001fca8f42380 nmethod 5536 0x000001fc92905208 code [0x000001fc92905300, 0x000001fc92905eb0]
Event: 3.233 Thread 0x000001fca8f42380 5537       1       org.apache.maven.model.building.ModelCacheTag$2::getType (3 bytes)
Event: 3.233 Thread 0x000001fca8f42380 nmethod 5537 0x000001fc99ccbd08 code [0x000001fc99ccbe00, 0x000001fc99ccbed0]
Event: 3.241 Thread 0x000001fca8f42380 5538       3       org.codehaus.plexus.util.xml.pull.MXParser::<init> (111 bytes)
Event: 3.242 Thread 0x000001fca8f42380 nmethod 5538 0x000001fc92905f08 code [0x000001fc92906020, 0x000001fc929067b0]
Event: 3.242 Thread 0x000001fca8f42380 5539   !   3       org.codehaus.plexus.util.xml.pull.MXParser::parseEpilog (739 bytes)

GC Heap Usage History (4 events):
Event: 0.858 {heap Before GC invocations=0 (full 0):
 garbage-first heap   total reserved 4120576K, committed 260096K, used 48275K [0x0000000704800000, 0x0000000800000000)
  region size 2048K, 24 young (49152K), 0 survivors (0K)
}
Event: 0.862 {heap After GC invocations=1 (full 0):
 garbage-first heap   total reserved 4120576K, committed 260096K, used 5694K [0x0000000704800000, 0x0000000800000000)
  region size 2048K, 3 young (6144K), 3 survivors (6144K)
}
Event: 2.653 {heap Before GC invocations=1 (full 0):
 garbage-first heap   total reserved 4120576K, committed 260096K, used 118334K [0x0000000704800000, 0x0000000800000000)
  region size 2048K, 58 young (118784K), 3 survivors (6144K)
}
Event: 2.665 {heap After GC invocations=2 (full 0):
 garbage-first heap   total reserved 4120576K, committed 260096K, used 15393K [0x0000000704800000, 0x0000000800000000)
  region size 2048K, 7 young (14336K), 7 survivors (14336K)
}

Metaspace Usage History (4 events):
Event: 0.858 {metaspace Before GC invocations=0 (full 0):
 Metaspace       used 8959K, committed 9088K, reserved 1114112K
  class space    used 777K, committed 832K, reserved 1048576K
}
Event: 0.862 {metaspace After GC invocations=1 (full 0):
 Metaspace       used 8959K, committed 9088K, reserved 1114112K
  class space    used 777K, committed 832K, reserved 1048576K
}
Event: 2.653 {metaspace Before GC invocations=1 (full 0):
 Metaspace       used 16860K, committed 17152K, reserved 1114112K
  class space    used 1606K, committed 1728K, reserved 1048576K
}
Event: 2.665 {metaspace After GC invocations=2 (full 0):
 Metaspace       used 16860K, committed 17152K, reserved 1114112K
  class space    used 1606K, committed 1728K, reserved 1048576K
}

Dll operation events (7 events):
Event: 0.007 Loaded shared library C:\Program Files\Apache NetBeans\jdk\bin\java.dll
Event: 0.042 Loaded shared library C:\Program Files\Apache NetBeans\jdk\bin\net.dll
Event: 0.047 Loaded shared library C:\Program Files\Apache NetBeans\jdk\bin\nio.dll
Event: 0.060 Loaded shared library C:\Program Files\Apache NetBeans\jdk\bin\zip.dll
Event: 0.185 Loaded shared library C:\Users\Tanjan Karki\.m2\wrapper\dists\apache-maven-3.9.11\03d7e36a140982eea48e22c1dcac01d8862b2550b2939e09a0809bbc5182a5bc\lib\jansi-native\Windows\x86_64\jansi.dll
Event: 0.185 Loaded shared library C:\Program Files\Apache NetBeans\jdk\bin\jimage.dll
Event: 0.193 Loaded shared library C:\Program Files\Apache NetBeans\jdk\bin\verify.dll

Deoptimization events (20 events):
Event: 2.749 Thread 0x000001fc87008130 DEOPT PACKING pc=0x000001fc99c718f4 sp=0x00000034524fc8a0
Event: 2.749 Thread 0x000001fc87008130 DEOPT UNPACKING pc=0x000001fc9965fc02 sp=0x00000034524fc830 mode 2
Event: 2.789 Thread 0x000001fc87008130 Uncommon trap: trap_request=0xffffffd6 fr.pc=0x000001fc99cb0be8 relative=0x00000000000002e8
Event: 2.789 Thread 0x000001fc87008130 Uncommon trap: reason=array_check action=maybe_recompile pc=0x000001fc99cb0be8 method=java.util.HashMap.keysToArray([Ljava/lang/Object;)[Ljava/lang/Object; @ 62 c2
Event: 2.789 Thread 0x000001fc87008130 DEOPT PACKING pc=0x000001fc99cb0be8 sp=0x00000034524fc890
Event: 2.789 Thread 0x000001fc87008130 DEOPT UNPACKING pc=0x000001fc9965fc02 sp=0x00000034524fc808 mode 2
Event: 2.789 Thread 0x000001fc87008130 Uncommon trap: trap_request=0xffffffd6 fr.pc=0x000001fc99cb0be8 relative=0x00000000000002e8
Event: 2.789 Thread 0x000001fc87008130 Uncommon trap: reason=array_check action=maybe_recompile pc=0x000001fc99cb0be8 method=java.util.HashMap.keysToArray([Ljava/lang/Object;)[Ljava/lang/Object; @ 62 c2
Event: 2.789 Thread 0x000001fc87008130 DEOPT PACKING pc=0x000001fc99cb0be8 sp=0x00000034524fc6d0
Event: 2.789 Thread 0x000001fc87008130 DEOPT UNPACKING pc=0x000001fc9965fc02 sp=0x00000034524fc648 mode 2
Event: 2.789 Thread 0x000001fc87008130 Uncommon trap: trap_request=0xffffffd6 fr.pc=0x000001fc99cb0be8 relative=0x00000000000002e8
Event: 2.789 Thread 0x000001fc87008130 Uncommon trap: reason=array_check action=maybe_recompile pc=0x000001fc99cb0be8 method=java.util.HashMap.keysToArray([Ljava/lang/Object;)[Ljava/lang/Object; @ 62 c2
Event: 2.789 Thread 0x000001fc87008130 DEOPT PACKING pc=0x000001fc99cb0be8 sp=0x00000034524fc6d0
Event: 2.789 Thread 0x000001fc87008130 DEOPT UNPACKING pc=0x000001fc9965fc02 sp=0x00000034524fc648 mode 2
Event: 2.789 Thread 0x000001fc87008130 Uncommon trap: trap_request=0xffffffd6 fr.pc=0x000001fc99cb0be8 relative=0x00000000000002e8
Event: 2.789 Thread 0x000001fc87008130 Uncommon trap: reason=array_check action=maybe_recompile pc=0x000001fc99cb0be8 method=java.util.HashMap.keysToArray([Ljava/lang/Object;)[Ljava/lang/Object; @ 62 c2
Event: 2.789 Thread 0x000001fc87008130 DEOPT PACKING pc=0x000001fc99cb0be8 sp=0x00000034524fc600
Event: 2.789 Thread 0x000001fc87008130 DEOPT UNPACKING pc=0x000001fc9965fc02 sp=0x00000034524fc578 mode 2
Event: 2.906 Thread 0x000001fc87008130 DEOPT PACKING pc=0x000001fc92237e3d sp=0x00000034524fd130
Event: 2.906 Thread 0x000001fc87008130 DEOPT UNPACKING pc=0x000001fc99591702 sp=0x00000034524fc690 mode 0

Classes loaded (20 events):
Event: 2.586 Loading class java/time/zone/ZoneOffsetTransition
Event: 2.586 Loading class java/time/zone/ZoneOffsetTransition done
Event: 2.594 Loading class jdk/internal/reflect/MethodHandleBooleanFieldAccessorImpl
Event: 2.594 Loading class jdk/internal/reflect/MethodHandleBooleanFieldAccessorImpl done
Event: 2.945 Loading class java/lang/Character$UnicodeBlock
Event: 2.945 Loading class java/lang/Character$Subset
Event: 2.945 Loading class java/lang/Character$Subset done
Event: 2.945 Loading class java/lang/Character$UnicodeBlock done
Event: 2.971 Loading class sun/nio/fs/WindowsChannelFactory$2
Event: 2.971 Loading class sun/nio/fs/WindowsChannelFactory$2 done
Event: 2.972 Loading class sun/nio/ch/ChannelOutputStream
Event: 2.972 Loading class sun/nio/ch/ChannelOutputStream done
Event: 2.974 Loading class java/io/CharArrayWriter
Event: 2.974 Loading class java/io/CharArrayWriter done
Event: 2.980 Loading class java/nio/file/attribute/PosixFileAttributes
Event: 2.980 Loading class java/nio/file/attribute/PosixFileAttributes done
Event: 2.988 Loading class java/nio/file/StandardCopyOption
Event: 2.988 Loading class java/nio/file/StandardCopyOption done
Event: 2.988 Loading class sun/nio/fs/WindowsFileCopy
Event: 2.989 Loading class sun/nio/fs/WindowsFileCopy done

Classes unloaded (0 events):
No events

Classes redefined (0 events):
No events

Internal exceptions (20 events):
Event: 3.069 Thread 0x000001fc87008130 Exception <a 'sun/nio/fs/WindowsException'{0x00000007136605f0}> (0x00000007136605f0) 
thrown [s\src\hotspot\share\prims\jni.cpp, line 516]
Event: 3.074 Thread 0x000001fc87008130 Exception <a 'sun/nio/fs/WindowsException'{0x0000000713661df0}> (0x0000000713661df0) 
thrown [s\src\hotspot\share\prims\jni.cpp, line 516]
Event: 3.079 Thread 0x000001fc87008130 Exception <a 'sun/nio/fs/WindowsException'{0x0000000713663538}> (0x0000000713663538) 
thrown [s\src\hotspot\share\prims\jni.cpp, line 516]
Event: 3.082 Thread 0x000001fc87008130 Exception <a 'sun/nio/fs/WindowsException'{0x0000000713664d28}> (0x0000000713664d28) 
thrown [s\src\hotspot\share\prims\jni.cpp, line 516]
Event: 3.087 Thread 0x000001fc87008130 Exception <a 'sun/nio/fs/WindowsException'{0x0000000713666488}> (0x0000000713666488) 
thrown [s\src\hotspot\share\prims\jni.cpp, line 516]
Event: 3.092 Thread 0x000001fc87008130 Exception <a 'sun/nio/fs/WindowsException'{0x0000000713667b28}> (0x0000000713667b28) 
thrown [s\src\hotspot\share\prims\jni.cpp, line 516]
Event: 3.097 Thread 0x000001fc87008130 Exception <a 'sun/nio/fs/WindowsException'{0x0000000713669200}> (0x0000000713669200) 
thrown [s\src\hotspot\share\prims\jni.cpp, line 516]
Event: 3.101 Thread 0x000001fc87008130 Exception <a 'sun/nio/fs/WindowsException'{0x000000071366a8e8}> (0x000000071366a8e8) 
thrown [s\src\hotspot\share\prims\jni.cpp, line 516]
Event: 3.104 Thread 0x000001fc87008130 Exception <a 'sun/nio/fs/WindowsException'{0x000000071366c010}> (0x000000071366c010) 
thrown [s\src\hotspot\share\prims\jni.cpp, line 516]
Event: 3.109 Thread 0x000001fc87008130 Exception <a 'sun/nio/fs/WindowsException'{0x000000071366d6f0}> (0x000000071366d6f0) 
thrown [s\src\hotspot\share\prims\jni.cpp, line 516]
Event: 3.113 Thread 0x000001fc87008130 Exception <a 'sun/nio/fs/WindowsException'{0x000000071366eee0}> (0x000000071366eee0) 
thrown [s\src\hotspot\share\prims\jni.cpp, line 516]
Event: 3.117 Thread 0x000001fc87008130 Exception <a 'sun/nio/fs/WindowsException'{0x0000000713670588}> (0x0000000713670588) 
thrown [s\src\hotspot\share\prims\jni.cpp, line 516]
Event: 3.122 Thread 0x000001fc87008130 Exception <a 'sun/nio/fs/WindowsException'{0x0000000713671c60}> (0x0000000713671c60) 
thrown [s\src\hotspot\share\prims\jni.cpp, line 516]
Event: 3.124 Thread 0x000001fc87008130 Exception <a 'sun/nio/fs/WindowsException'{0x0000000713673450}> (0x0000000713673450) 
thrown [s\src\hotspot\share\prims\jni.cpp, line 516]
Event: 3.129 Thread 0x000001fc87008130 Exception <a 'sun/nio/fs/WindowsException'{0x0000000713674af8}> (0x0000000713674af8) 
thrown [s\src\hotspot\share\prims\jni.cpp, line 516]
Event: 3.133 Thread 0x000001fc87008130 Exception <a 'sun/nio/fs/WindowsException'{0x0000000713676188}> (0x0000000713676188) 
thrown [s\src\hotspot\share\prims\jni.cpp, line 516]
Event: 3.138 Thread 0x000001fc87008130 Exception <a 'sun/nio/fs/WindowsException'{0x00000007136777d8}> (0x00000007136777d8) 
thrown [s\src\hotspot\share\prims\jni.cpp, line 516]
Event: 3.141 Thread 0x000001fc87008130 Exception <a 'sun/nio/fs/WindowsException'{0x0000000713678e48}> (0x0000000713678e48) 
thrown [s\src\hotspot\share\prims\jni.cpp, line 516]
Event: 3.146 Thread 0x000001fc87008130 Exception <a 'sun/nio/fs/WindowsException'{0x000000071367a528}> (0x000000071367a528) 
thrown [s\src\hotspot\share\prims\jni.cpp, line 516]
Event: 3.148 Thread 0x000001fc87008130 Exception <a 'sun/nio/fs/WindowsException'{0x000000071367bb00}> (0x000000071367bb00) 
thrown [s\src\hotspot\share\prims\jni.cpp, line 516]

VM Operations (20 events):
Event: 1.068 Executing non-safepoint VM operation: HandshakeAllThreads (Deoptimize)
Event: 1.068 Executing non-safepoint VM operation: HandshakeAllThreads (Deoptimize) done
Event: 1.109 Executing non-safepoint VM operation: HandshakeAllThreads (Deoptimize)
Event: 1.109 Executing non-safepoint VM operation: HandshakeAllThreads (Deoptimize) done
Event: 1.191 Executing non-safepoint VM operation: HandshakeAllThreads (Deoptimize)
Event: 1.191 Executing non-safepoint VM operation: HandshakeAllThreads (Deoptimize) done
Event: 1.274 Executing non-safepoint VM operation: HandshakeAllThreads (Deoptimize)
Event: 1.274 Executing non-safepoint VM operation: HandshakeAllThreads (Deoptimize) done
Event: 1.296 Executing non-safepoint VM operation: HandshakeAllThreads (Deoptimize)
Event: 1.296 Executing non-safepoint VM operation: HandshakeAllThreads (Deoptimize) done
Event: 1.317 Executing non-safepoint VM operation: HandshakeAllThreads (Deoptimize)
Event: 1.317 Executing non-safepoint VM operation: HandshakeAllThreads (Deoptimize) done
Event: 1.344 Executing non-safepoint VM operation: HandshakeAllThreads (Deoptimize)
Event: 1.344 Executing non-safepoint VM operation: HandshakeAllThreads (Deoptimize) done
Event: 1.345 Executing non-safepoint VM operation: HandshakeAllThreads (Deoptimize)
Event: 1.345 Executing non-safepoint VM operation: HandshakeAllThreads (Deoptimize) done
Event: 2.594 Executing non-safepoint VM operation: HandshakeAllThreads (Deoptimize)
Event: 2.594 Executing non-safepoint VM operation: HandshakeAllThreads (Deoptimize) done
Event: 2.653 Executing safepoint VM operation: G1CollectForAllocation (G1 Evacuation Pause)
Event: 2.665 Executing safepoint VM operation: G1CollectForAllocation (G1 Evacuation Pause) done

Memory protections (0 events):
No events

Nmethod flushes (0 events):
No events

Events (15 events):
Event: 0.021 Thread 0x000001fc87008130 Thread added: 0x000001fc87008130
Event: 0.029 Thread 0x000001fc87008130 Thread added: 0x000001fca8f2e520
Event: 0.029 Thread 0x000001fc87008130 Thread added: 0x000001fca8f2ef80
Event: 0.029 Thread 0x000001fc87008130 Thread added: 0x000001fca8f32440
Event: 0.029 Thread 0x000001fc87008130 Thread added: 0x000001fca8f33000
Event: 0.029 Thread 0x000001fc87008130 Thread added: 0x000001fca8f39e40
Event: 0.029 Thread 0x000001fc87008130 Thread added: 0x000001fca8f3b220
Event: 0.029 Thread 0x000001fc87008130 Thread added: 0x000001fca8f3ee10
Event: 0.030 Thread 0x000001fc87008130 Thread added: 0x000001fca8f42380
Event: 0.036 Thread 0x000001fc87008130 Thread added: 0x000001fca9188160
Event: 0.039 Thread 0x000001fc87008130 Thread added: 0x000001fca9191340
Event: 0.112 Thread 0x000001fca8f3ee10 Thread added: 0x000001fca8f40340
Event: 0.183 Thread 0x000001fc87008130 Thread added: 0x000001fca96f32a0
Event: 0.190 Thread 0x000001fca96f32a0 Thread exited: 0x000001fca96f32a0
Event: 0.483 Thread 0x000001fca8f40340 Thread added: 0x000001fca8f453e0


Dynamic libraries:
0x00007ff7114b0000 - 0x00007ff7114be000 	C:\Program Files\Apache NetBeans\jdk\bin\java.exe
0x00007ff9600e0000 - 0x00007ff960347000 	C:\WINDOWS\SYSTEM32\ntdll.dll
0x00007ff95f3e0000 - 0x00007ff95f4a9000 	C:\WINDOWS\System32\KERNEL32.DLL
0x00007ff95d590000 - 0x00007ff95d97f000 	C:\WINDOWS\System32\KERNELBASE.dll
0x00007ff95dca0000 - 0x00007ff95ddeb000 	C:\WINDOWS\System32\ucrtbase.dll
0x00007ff93d790000 - 0x00007ff93d7a6000 	C:\Program Files\Apache NetBeans\jdk\bin\jli.dll
0x00007ff959a20000 - 0x00007ff959a3e000 	C:\Program Files\Apache NetBeans\jdk\bin\VCRUNTIME140.dll
0x00007ff95dec0000 - 0x00007ff95e085000 	C:\WINDOWS\System32\USER32.dll
0x00007ff95d990000 - 0x00007ff95d9b7000 	C:\WINDOWS\System32\win32u.dll
0x00007ff960070000 - 0x00007ff96009b000 	C:\WINDOWS\System32\GDI32.dll
0x00007ff941820000 - 0x00007ff941ab3000 	C:\WINDOWS\WinSxS\amd64_microsoft.windows.common-controls_6595b64144ccf1df_6.0.26100.7309_none_3e05feeae336a044\COMCTL32.dll
0x00007ff95d230000 - 0x00007ff95d35c000 	C:\WINDOWS\System32\gdi32full.dll
0x00007ff95d360000 - 0x00007ff95d403000 	C:\WINDOWS\System32\msvcp_win.dll
0x00007ff95f330000 - 0x00007ff95f3d9000 	C:\WINDOWS\System32\msvcrt.dll
0x00007ff95fa00000 - 0x00007ff95fa31000 	C:\WINDOWS\System32\IMM32.DLL
0x00007ff959a10000 - 0x00007ff959a1c000 	C:\Program Files\Apache NetBeans\jdk\bin\vcruntime140_1.dll
0x00007ff91e040000 - 0x00007ff91e0cd000 	C:\Program Files\Apache NetBeans\jdk\bin\msvcp140.dll
0x00007ff8aaf50000 - 0x00007ff8abe76000 	C:\Program Files\Apache NetBeans\jdk\bin\server\jvm.dll
0x00007ff95f040000 - 0x00007ff95f0f4000 	C:\WINDOWS\System32\ADVAPI32.dll
0x00007ff95fa40000 - 0x00007ff95fae6000 	C:\WINDOWS\System32\sechost.dll
0x00007ff95f200000 - 0x00007ff95f318000 	C:\WINDOWS\System32\RPCRT4.dll
0x00007ff95fff0000 - 0x00007ff960064000 	C:\WINDOWS\System32\WS2_32.dll
0x00007ff95d090000 - 0x00007ff95d0ee000 	C:\WINDOWS\SYSTEM32\POWRPROF.dll
0x00007ff94f5d0000 - 0x00007ff94f5db000 	C:\WINDOWS\SYSTEM32\VERSION.dll
0x00007ff947270000 - 0x00007ff9472a5000 	C:\WINDOWS\SYSTEM32\WINMM.dll
0x00007ff95d070000 - 0x00007ff95d084000 	C:\WINDOWS\SYSTEM32\UMPDC.dll
0x00007ff95bfe0000 - 0x00007ff95bffb000 	C:\WINDOWS\SYSTEM32\kernel.appcore.dll
0x00007ff94b100000 - 0x00007ff94b10a000 	C:\Program Files\Apache NetBeans\jdk\bin\jimage.dll
0x00007ff95a850000 - 0x00007ff95aa92000 	C:\WINDOWS\SYSTEM32\DBGHELP.DLL
0x00007ff95e090000 - 0x00007ff95e416000 	C:\WINDOWS\System32\combase.dll
0x00007ff95f6a0000 - 0x00007ff95f776000 	C:\WINDOWS\System32\OLEAUT32.dll
0x00007ff92c470000 - 0x00007ff92c4ac000 	C:\WINDOWS\SYSTEM32\dbgcore.DLL
0x00007ff95da80000 - 0x00007ff95db25000 	C:\WINDOWS\System32\bcryptPrimitives.dll
0x00007ff940a60000 - 0x00007ff940a7e000 	C:\Program Files\Apache NetBeans\jdk\bin\java.dll
0x00007ff95ee50000 - 0x00007ff95efe7000 	C:\WINDOWS\System32\ole32.dll
0x00007ff95e570000 - 0x00007ff95ecc3000 	C:\WINDOWS\System32\SHELL32.dll
0x00007ff95db30000 - 0x00007ff95dc9a000 	C:\WINDOWS\System32\wintypes.dll
0x00007ff95ae00000 - 0x00007ff95b65e000 	C:\WINDOWS\SYSTEM32\windows.storage.dll
0x00007ff95f100000 - 0x00007ff95f1f5000 	C:\WINDOWS\System32\SHCORE.dll
0x00007ff95faf0000 - 0x00007ff95fb56000 	C:\WINDOWS\System32\shlwapi.dll
0x00007ff95d150000 - 0x00007ff95d179000 	C:\WINDOWS\SYSTEM32\profapi.dll
0x00007ff93cbf0000 - 0x00007ff93cc01000 	C:\Program Files\Apache NetBeans\jdk\bin\net.dll
0x00007ff95c550000 - 0x00007ff95c5bb000 	C:\WINDOWS\system32\mswsock.dll
0x00007ff93cbd0000 - 0x00007ff93cbe6000 	C:\Program Files\Apache NetBeans\jdk\bin\nio.dll
0x00007ff93d240000 - 0x00007ff93d257000 	C:\Program Files\Apache NetBeans\jdk\bin\zip.dll
0x00007ff9422c0000 - 0x00007ff9422e4000 	C:\Users\Tanjan Karki\.m2\wrapper\dists\apache-maven-3.9.11\03d7e36a140982eea48e22c1dcac01d8862b2550b2939e09a0809bbc5182a5bc\lib\jansi-native\Windows\x86_64\jansi.dll
0x00007ff93d1e0000 - 0x00007ff93d1f0000 	C:\Program Files\Apache NetBeans\jdk\bin\verify.dll
0x00007ff95c100000 - 0x00007ff95c136000 	C:\WINDOWS\SYSTEM32\ntmarta.dll

JVMTI agents: none

dbghelp: loaded successfully - version: 4.0.5 - missing functions: none
symbol engine: initialized successfully - sym options: 0x614 - pdb path: .;C:\Program Files\Apache NetBeans\jdk\bin;C:\WINDOWS\SYSTEM32;C:\WINDOWS\WinSxS\amd64_microsoft.windows.common-controls_6595b64144ccf1df_6.0.26100.7309_none_3e05feeae336a044;C:\Program Files\Apache NetBeans\jdk\bin\server;C:\Users\Tanjan Karki\.m2\wrapper\dists\apache-maven-3.9.11\03d7e36a140982eea48e22c1dcac01d8862b2550b2939e09a0809bbc5182a5bc\lib\jansi-native\Windows\x86_64

VM Arguments:
jvm_args: --enable-native-access=ALL-UNNAMED -Dclassworlds.conf=C:\Users\Tanjan Karki\.m2\wrapper\dists\apache-maven-3.9.11\03d7e36a140982eea48e22c1dcac01d8862b2550b2939e09a0809bbc5182a5bc\bin\m2.conf -Dmaven.home=C:\Users\Tanjan Karki\.m2\wrapper\dists\apache-maven-3.9.11\03d7e36a140982eea48e22c1dcac01d8862b2550b2939e09a0809bbc5182a5bc -Dlibrary.jansi.path=C:\Users\Tanjan Karki\.m2\wrapper\dists\apache-maven-3.9.11\03d7e36a140982eea48e22c1dcac01d8862b2550b2939e09a0809bbc5182a5bc\lib\jansi-native -Dmaven.multiModuleProjectDirectory=C:\Users\Tanjan Karki\OneDrive\Documents\NetBeansProjects\teacher-ev-system2 
java_command: org.codehaus.plexus.classworlds.launcher.Launcher -Dmaven.ext.class.path=C:\Program Files\Apache NetBeans\java\maven-nblib\netbeans-eventspy.jar --no-transfer-progress clean install
java_class_path (initial): C:\Users\Tanjan Karki\.m2\wrapper\dists\apache-maven-3.9.11\03d7e36a140982eea48e22c1dcac01d8862b2550b2939e09a0809bbc5182a5bc\boot\plexus-classworlds-2.9.0.jar
Launcher Type: SUN_STANDARD

[Global flags]
     intx CICompilerCount                          = 4                                         {product} {ergonomic}
     uint ConcGCThreads                            = 3                                         {product} {ergonomic}
     uint G1ConcRefinementThreads                  = 10                                        {product} {ergonomic}
   size_t G1HeapRegionSize                         = 2097152                                   {product} {ergonomic}
   size_t InitialHeapSize                          = 264241152                                 {product} {ergonomic}
   size_t MarkStackSize                            = 4194304                                   {product} {ergonomic}
   size_t MarkStackSizeMax                         = 536870912                                 {product} {ergonomic}
   size_t MaxHeapSize                              = 4219469824                                {product} {ergonomic}
   size_t MaxNewSize                               = 2531262464                                {product} {ergonomic}
   size_t MinHeapDeltaBytes                        = 2097152                                   {product} {ergonomic}
   size_t MinHeapSize                              = 8388608                                   {product} {ergonomic}
    uintx NonNMethodCodeHeapSize                   = 5832704                                {pd product} {ergonomic}
    uintx NonProfiledCodeHeapSize                  = 122945536                              {pd product} {ergonomic}
    uintx ProfiledCodeHeapSize                     = 122880000                              {pd product} {ergonomic}
    uintx ReservedCodeCacheSize                    = 251658240                              {pd product} {ergonomic}
     bool SegmentedCodeCache                       = true                                      {product} {ergonomic}
   size_t SoftMaxHeapSize                          = 4219469824                             {manageable} {ergonomic}
     bool UseCompressedOops                        = true                           {product lp64_product} {ergonomic}
     bool UseG1GC                                  = true                                      {product} {ergonomic}
     bool UseLargePagesIndividualAllocation        = false                                  {pd product} {ergonomic}

Logging:
Log output configuration:
 #0: stdout all=warning uptime,level,tags foldmultilines=false
 #1: stderr all=off uptime,level,tags foldmultilines=false

Release file:
IMPLEMENTOR="Eclipse Adoptium" 
IMPLEMENTOR_VERSION="Temurin-25.0.1+8" 
JAVA_RUNTIME_VERSION="25.0.1+8-LTS" 
JAVA_VERSION="25.0.1" 
JAVA_VERSION_DATE="2025-10-21" 
LIBC="default" 
MODULES="java.base java.compiler java.datatransfer java.xml java.prefs java.desktop java.instrument java.logging java.management java.security.sasl java.naming java.rmi java.management.rmi java.net.http java.scripting java.security.jgss java.transaction.xa java.sql java.sql.rowset java.xml.crypto java.se java.smartcardio jdk.accessibility jdk.internal.jvmstat jdk.attach jdk.charsets jdk.internal.opt jdk.zipfs jdk.compiler jdk.crypto.cryptoki jdk.crypto.ec jdk.crypto.mscapi jdk.dynalink jdk.internal.ed jdk.editpad jdk.internal.vm.ci jdk.graal.compiler jdk.graal.compiler.management jdk.hotspot.agent jdk.httpserver jdk.incubator.vector jdk.internal.le jdk.internal.md jdk.jartool jdk.javadoc jdk.jcmd jdk.management jdk.management.agent jdk.jconsole jdk.jdeps jdk.jdwp.agent jdk.jdi jdk.jfr jdk.jlink jdk.jpackage jdk.jshell jdk.jsobject jdk.jstatd jdk.localedata jdk.management.jfr jdk.naming.dns jdk.naming.rmi jdk.net jdk.nio.mapmode jdk.sctp jdk.security.auth jdk.security.jgss jdk.unsupported jdk.unsupported.desktop jdk.xml.dom" 
OS_ARCH="x86_64" 
OS_NAME="Windows" 
SOURCE=".:git:61d6a2c1b35e" 
BUILD_SOURCE="git:839fa0b45d809157cffd3dc8515aad262a4a1776"
BUILD_SOURCE_REPO="https://github.com/adoptium/temurin-build.git"
SOURCE_REPO="https://github.com/adoptium/jdk25u.git"
FULL_VERSION="25.0.1+8-LTS"
SEMANTIC_VERSION="25.0.1+8"
BUILD_INFO="OS: Windows Server 2022 Version: 10.0"
JVM_VARIANT="Hotspot"
JVM_VERSION="25.0.1+8-LTS"
IMAGE_TYPE="JDK"

Environment Variables:
JAVA_HOME=C:\Program Files\Apache NetBeans\jdk
PATH=C:\Program Files (x86)\Common Files\Intel\Shared Libraries\redist\intel64\compiler;C:\Program Files\Common Files\Oracle\Java\javapath;C:\Windows\system32;C:\Windows;C:\Windows\System32\Wbem;C:\Windows\System32\WindowsPowerShell\v1.0\;C:\Windows\System32\OpenSSH\;C:\Program Files (x86)\NVIDIA Corporation\PhysX\Common;C:\Program Files\Java\jre-1.8\bin;C:\Program Files\nodejs;C:\ProgramData\chocolatey\bin;C:\Program Files\dotnet\;C:\WINDOWS\system32;C:\WINDOWS;C:\WINDOWS\System32\Wbem;C:\WINDOWS\System32\WindowsPowerShell\v1.0\;C:\WINDOWS\System32\OpenSSH\;C:\Program Files\NVIDIA Corporation\NVIDIA App\NvDLISR;C:\Program Files\Java\jdk-25\bin;C:\Program Files\Git\cmd;C:\Program Files\MySQL\MySQL Shell 8.0\bin\;C:\Program Files\Java\jdk-21\bin;C:\Program Files\Azure Data Studio\bin;C:\Program Files\Inno Setup 6;C:\Users\Tanjan Karki\AppData\Local\Programs\Microsoft VS Code\bin;C:\Program Files\nodejs;C:\Program Files\Java\jre-1.8\bin;C:\Users\Tanjan Karki\AppData\Local\Muse Hub\lib;C:\Users\Tanjan Karki\AppData\Local\Microsoft\WindowsApps;C:\Users\Tanjan Karki\AppData\Local\GitHubDesktop\bin
USERNAME=Tanjan Karki
OS=Windows_NT
PROCESSOR_IDENTIFIER=Intel64 Family 6 Model 154 Stepping 3, GenuineIntel
TMP=C:\Users\TANJAN~1\AppData\Local\Temp
TEMP=C:\Users\TANJAN~1\AppData\Local\Temp




Compilation memory statistics disabled.

Periodic native trim disabled

---------------  S Y S T E M  ---------------

OS:
 Windows 11 , 64 bit Build 26100 (10.0.26100.7623)
OS uptime: 0 days 4:25 hours
Hyper-V role detected

CPU: total 12 (initial active 12) (6 cores per cpu, 2 threads per core) family 6 model 154 stepping 3 microcode 0x419, cx8, cmov, fxsr, ht, mmx, 3dnowpref, sse, sse2, sse3, ssse3, sse4.1, sse4.2, popcnt, lzcnt, tsc, tscinvbit, avx, avx2, aes, erms, clmul, bmi1, bmi2, adx, sha, fma, vzeroupper, clflush, clflushopt, clwb, hv, serialize, rdtscp, rdpid, fsrm, gfni, f16c, cet_ibt, cet_ss
Processor Information for processor 0
  Max Mhz: 2000, Current Mhz: 2000, Mhz Limit: 2000
Processor Information for processor 1
  Max Mhz: 2000, Current Mhz: 2000, Mhz Limit: 2000
Processor Information for processor 2
  Max Mhz: 2000, Current Mhz: 2000, Mhz Limit: 2000
Processor Information for processor 3
  Max Mhz: 2000, Current Mhz: 2000, Mhz Limit: 2000
Processor Information for processor 4
  Max Mhz: 2000, Current Mhz: 2000, Mhz Limit: 2000
Processor Information for processor 5
  Max Mhz: 2000, Current Mhz: 2000, Mhz Limit: 2000
Processor Information for processor 6
  Max Mhz: 2000, Current Mhz: 2000, Mhz Limit: 2000
Processor Information for processor 7
  Max Mhz: 2000, Current Mhz: 2000, Mhz Limit: 2000
Processor Information for processor 8
  Max Mhz: 2000, Current Mhz: 1500, Mhz Limit: 1500
Processor Information for processor 9
  Max Mhz: 2000, Current Mhz: 1500, Mhz Limit: 1500
Processor Information for processor 10
  Max Mhz: 2000, Current Mhz: 1500, Mhz Limit: 1500
Processor Information for processor 11
  Max Mhz: 2000, Current Mhz: 1500, Mhz Limit: 1500

Memory: 4k page, system-wide physical 16088M (4907M free)
TotalPageFile size 16088M (AvailPageFile size 417M)
current process WorkingSet (physical memory assigned to process): 236M, peak: 237M
current process commit charge ("private bytes"): 407M, peak: 411M

vm_info: OpenJDK 64-Bit Server VM (25.0.1+8-LTS) for windows-amd64 JRE (25.0.1+8-LTS), built on 2025-10-21T00:00:00Z with unknown MS VC++:1942

END.
